app/build/outputs/logs/manifest-merger-debug-report.txt
-- Merging decision tree log ---
manifest
ADDED from src\main\AndroidManifest.xml:2:1-50:12
	package
		ADDED from src\main\AndroidManifest.xml:3:5-28
		INJECTED from src\main\AndroidManifest.xml
		INJECTED from src\main\AndroidManifest.xml
	android:versionName
		ADDED from src\main\AndroidManifest.xml:5:5-30
		INJECTED from src\main\AndroidManifest.xml
		INJECTED from src\main\AndroidManifest.xml
	android:versionCode
		ADDED from src\main\AndroidManifest.xml:4:5-28
		INJECTED from src\main\AndroidManifest.xml
		INJECTED from src\main\AndroidManifest.xml
	xmlns:android
		ADDED from src\main\AndroidManifest.xml:2:11-69
uses-sdk
ADDED from src\main\AndroidManifest.xml:7:5-43
MERGED from [com.android.support:appcompat-v7:22.0.0] AndroidManifest.xml:20:5-43
MERGED from [com.android.support:support-v4:22.0.0] AndroidManifest.xml:20:5-43
	android:targetSdkVersion
		INJECTED from src\main\AndroidManifest.xml
		INJECTED from src\main\AndroidManifest.xml
	android:minSdkVersion
		ADDED from src\main\AndroidManifest.xml:7:15-40
		INJECTED from src\main\AndroidManifest.xml
		INJECTED from src\main\AndroidManifest.xml
application
ADDED from src\main\AndroidManifest.xml:9:5-38:19
MERGED from [com.android.support:appcompat-v7:22.0.0] AndroidManifest.xml:22:5-20
MERGED from [com.android.support:support-v4:22.0.0] AndroidManifest.xml:22:5-20
	android:label
		ADDED from src\main\AndroidManifest.xml:11:9-41
	android:icon
		ADDED from src\main\AndroidManifest.xml:10:9-45
activity#com.paar.ARRD.ModelChooser
ADDED from src\main\AndroidManifest.xml:14:9-22:20
	android:label
		ADDED from src\main\AndroidManifest.xml:15:13-45
	android:name
		ADDED from src\main\AndroidManifest.xml:16:13-54
intent-filter#android.intent.action.MAIN+android.intent.category.LAUNCHER
ADDED from src\main\AndroidManifest.xml:17:13-21:29
action#android.intent.action.MAIN
ADDED from src\main\AndroidManifest.xml:18:17-69
	android:name
		ADDED from src\main\AndroidManifest.xml:18:25-66
category#android.intent.category.LAUNCHER
ADDED from src\main\AndroidManifest.xml:20:17-77
	android:name
		ADDED from src\main\AndroidManifest.xml:20:27-74
activity#com.paar.ARRD.ModelViewer
ADDED from src\main\AndroidManifest.xml:24:1-29:12
	android:clearTaskOnLaunch
		ADDED from src\main\AndroidManifest.xml:25:5-37
	android:screenOrientation
		ADDED from src\main\AndroidManifest.xml:26:5-42
	android:exported
		ADDED from src\main\AndroidManifest.xml:24:11-35
	android:icon
		ADDED from src\main\AndroidManifest.xml:27:5-41
	android:name
		ADDED from src\main\AndroidManifest.xml:28:5-45
activity#com.paar.ARRD.Instructions
ADDED from src\main\AndroidManifest.xml:30:1-33:12
	android:exported
		ADDED from src\main\AndroidManifest.xml:30:11-35
	android:icon
		ADDED from src\main\AndroidManifest.xml:31:5-41
	android:name
		ADDED from src\main\AndroidManifest.xml:32:5-46
activity#com.paar.ARRD.CheckFileManagerActivity
ADDED from src\main\AndroidManifest.xml:34:13-37:20
	android:label
		ADDED from src\main\AndroidManifest.xml:34:23-55
	android:icon
		ADDED from src\main\AndroidManifest.xml:35:13-49
	android:name
		ADDED from src\main\AndroidManifest.xml:36:13-66
uses-permission#android.permission.WRITE_EXTERNAL_STORAGE
ADDED from src\main\AndroidManifest.xml:40:1-76
	android:name
		ADDED from src\main\AndroidManifest.xml:40:18-74
uses-permission#android.permission.CAMERA
ADDED from src\main\AndroidManifest.xml:41:1-60
	android:name
		ADDED from src\main\AndroidManifest.xml:41:18-58
uses-feature#android.hardware.camera
ADDED from src\main\AndroidManifest.xml:43:1-56
	android:name
		ADDED from src\main\AndroidManifest.xml:43:15-53
uses-feature#android.hardware.camera.autofocus
ADDED from src\main\AndroidManifest.xml:44:1-66
	android:name
		ADDED from src\main\AndroidManifest.xml:44:15-63
supports-screens
ADDED from src\main\AndroidManifest.xml:46:1-49:47
	android:largeScreens
		ADDED from src\main\AndroidManifest.xml:48:19-46
	android:smallScreens
		ADDED from src\main\AndroidManifest.xml:46:19-46
	android:normalScreens
		ADDED from src\main\AndroidManifest.xml:47:19-47
	android:anyDensity
		ADDED from src\main\AndroidManifest.xml:49:19-44